<?xml version="1.0" encoding="UTF-8"?>
<testng-results skipped="0" failed="0" ignored="0" total="1" passed="1">
  <reporter-output>
  </reporter-output>
  <suite name="UFA Bet Test Suite" duration-ms="20850" started-at="2017-10-25T07:28:37Z" finished-at="2017-10-25T07:28:57Z">
    <groups>
    </groups>
    <test name="VerifyBet" duration-ms="20850" started-at="2017-10-25T07:28:37Z" finished-at="2017-10-25T07:28:57Z">
      <class name="testCases.TC_VerifySoccerBet">
        <test-method status="PASS" signature="beforeMethod()[pri:0, instance:testCases.TC_VerifySoccerBet@5034c75a]" name="beforeMethod" is-config="true" duration-ms="8681" started-at="2017-10-25T14:28:37Z" finished-at="2017-10-25T14:28:45Z">
          <reporter-output>
          </reporter-output>
        </test-method> <!-- beforeMethod -->
        <test-method status="PASS" signature="TC_OddEvenTotalGoal()[pri:0, instance:testCases.TC_VerifySoccerBet@5034c75a]" name="TC_OddEvenTotalGoal" duration-ms="11354" started-at="2017-10-25T14:28:45Z" finished-at="2017-10-25T14:28:57Z">
          <reporter-output>
          </reporter-output>
        </test-method> <!-- TC_OddEvenTotalGoal -->
        <test-method status="PASS" signature="afterMethod()[pri:0, instance:testCases.TC_VerifySoccerBet@5034c75a]" name="afterMethod" is-config="true" duration-ms="780" started-at="2017-10-25T14:28:57Z" finished-at="2017-10-25T14:28:57Z">
          <reporter-output>
          </reporter-output>
        </test-method> <!-- afterMethod -->
      </class> <!-- testCases.TC_VerifySoccerBet -->
    </test> <!-- VerifyBet -->
  </suite> <!-- UFA Bet Test Suite -->
</testng-results>
